<?xml version="1.0" encoding="UTF-8"?>
<!-- Generated by org.testng.reporters.JUnitReportReporter -->
<testsuite hostname="UDAYSINH" failures="0" tests="1" name="com.crm.FinalMock.twitterAccountCreate" time="31.059" errors="0" timestamp="2024-12-11T19:53:41 IST" skipped="0">
  <testcase classname="com.crm.FinalMock.twitterAccountCreate" name="createAccount" time="31.059"/>
</testsuite> <!-- com.crm.FinalMock.twitterAccountCreate -->
